# JRE version: OpenJDK Runtime Environment (8.0_152-b01) (build 1.8.0_152-release-915-b01)
# Java VM: OpenJDK 64-Bit Server VM (25.152-b01 mixed mode windows-amd64 compressed oops)
Heap:
 PSYoungGen      total 374272K, used 61021K [0x00000000e0000000, 0x00000000fde80000, 0x0000000100000000)
  eden space 296448K, 0% used [0x00000000e0000000,0x00000000e0000000,0x00000000f2180000)
  from space 77824K, 78% used [0x00000000f7480000,0x00000000fb017708,0x00000000fc080000)
  to   space 84992K, 0% used [0x00000000f2180000,0x00000000f2180000,0x00000000f7480000)
 ParOldGen       total 179712K, used 153155K [0x00000000a0000000, 0x00000000aaf80000, 0x00000000e0000000)
  object space 179712K, 85% used [0x00000000a0000000,0x00000000a9590df8,0x00000000aaf80000)
 Metaspace       used 81056K, capacity 86560K, committed 86676K, reserved 1124352K
  class space    used 10343K, capacity 11570K, committed 11668K, reserved 1048576K
GC Heap History (10 events):
Event: 836.573 GC heap after
Heap after GC invocations=32 (full 4):
 PSYoungGen      total 336896K, used 26263K [0x00000000e0000000, 0x00000000f7880000, 0x0000000100000000)
  eden space 295424K, 0% used [0x00000000e0000000,0x00000000e0000000,0x00000000f2080000)
  from space 41472K, 63% used [0x00000000f5000000,0x00000000f69a5ee0,0x00000000f7880000)
  to   space 45056K, 0% used [0x00000000f2080000,0x00000000f2080000,0x00000000f4c80000)
 ParOldGen       total 179712K, used 101322K [0x00000000a0000000, 0x00000000aaf80000, 0x00000000e0000000)
  object space 179712K, 56% used [0x00000000a0000000,0x00000000a62f2958,0x00000000aaf80000)
 Metaspace       used 79886K, capacity 84810K, committed 84884K, reserved 1122304K
  class space    used 10252K, capacity 11395K, committed 11412K, reserved 1048576K
}
Event: 2988.276 GC heap before
{Heap before GC invocations=33 (full 4):
 PSYoungGen      total 336896K, used 321687K [0x00000000e0000000, 0x00000000f7880000, 0x0000000100000000)
  eden space 295424K, 100% used [0x00000000e0000000,0x00000000f2080000,0x00000000f2080000)
  from space 41472K, 63% used [0x00000000f5000000,0x00000000f69a5ee0,0x00000000f7880000)
  to   space 45056K, 0% used [0x00000000f2080000,0x00000000f2080000,0x00000000f4c80000)
 ParOldGen       total 179712K, used 101322K [0x00000000a0000000, 0x00000000aaf80000, 0x00000000e0000000)
  object space 179712K, 56% used [0x00000000a0000000,0x00000000a62f2958,0x00000000aaf80000)
 Metaspace       used 80782K, capacity 86218K, committed 86420K, reserved 1124352K
  class space    used 10328K, capacity 11553K, committed 11668K, reserved 1048576K
Event: 2988.494 GC heap after
Heap after GC invocations=33 (full 4):
 PSYoungGen      total 314368K, used 30967K [0x00000000e0000000, 0x00000000f7080000, 0x0000000100000000)
  eden space 283136K, 0% used [0x00000000e0000000,0x00000000e0000000,0x00000000f1480000)
  from space 31232K, 99% used [0x00000000f2080000,0x00000000f3ebdff0,0x00000000f3f00000)
  to   space 47104K, 0% used [0x00000000f4280000,0x00000000f4280000,0x00000000f7080000)
 ParOldGen       total 179712K, used 101586K [0x00000000a0000000, 0x00000000aaf80000, 0x00000000e0000000)
  object space 179712K, 56% used [0x00000000a0000000,0x00000000a6334970,0x00000000aaf80000)
 Metaspace       used 80782K, capacity 86218K, committed 86420K, reserved 1124352K
  class space    used 10328K, capacity 11553K, committed 11668K, reserved 1048576K
}
Event: 3030.496 GC heap before
{Heap before GC invocations=34 (full 4):
 PSYoungGen      total 314368K, used 314103K [0x00000000e0000000, 0x00000000f7080000, 0x0000000100000000)
  eden space 283136K, 100% used [0x00000000e0000000,0x00000000f1480000,0x00000000f1480000)
  from space 31232K, 99% used [0x00000000f2080000,0x00000000f3ebdff0,0x00000000f3f00000)
  to   space 47104K, 0% used [0x00000000f4280000,0x00000000f4280000,0x00000000f7080000)
 ParOldGen       total 179712K, used 101586K [0x00000000a0000000, 0x00000000aaf80000, 0x00000000e0000000)
  object space 179712K, 56% used [0x00000000a0000000,0x00000000a6334970,0x00000000aaf80000)
 Metaspace       used 80993K, capacity 86404K, committed 86676K, reserved 1124352K
  class space    used 10339K, capacity 11564K, committed 11668K, reserved 1048576K
Event: 3030.642 GC heap after
Heap after GC invocations=34 (full 4):
 PSYoungGen      total 310272K, used 47094K [0x00000000e0000000, 0x00000000f8c80000, 0x0000000100000000)
  eden space 263168K, 0% used [0x00000000e0000000,0x00000000e0000000,0x00000000f0100000)
  from space 47104K, 99% used [0x00000000f4280000,0x00000000f707dac8,0x00000000f7080000)
  to   space 67072K, 0% used [0x00000000f0100000,0x00000000f0100000,0x00000000f4280000)
 ParOldGen       total 179712K, used 134386K [0x00000000a0000000, 0x00000000aaf80000, 0x00000000e0000000)
  object space 179712K, 74% used [0x00000000a0000000,0x00000000a833cba0,0x00000000aaf80000)
 Metaspace       used 80993K, capacity 86404K, committed 86676K, reserved 1124352K
  class space    used 10339K, capacity 11564K, committed 11668K, reserved 1048576K
}
Event: 3032.039 GC heap before
{Heap before GC invocations=35 (full 4):
 PSYoungGen      total 310272K, used 310262K [0x00000000e0000000, 0x00000000f8c80000, 0x0000000100000000)
  eden space 263168K, 100% used [0x00000000e0000000,0x00000000f0100000,0x00000000f0100000)
  from space 47104K, 99% used [0x00000000f4280000,0x00000000f707dac8,0x00000000f7080000)
  to   space 67072K, 0% used [0x00000000f0100000,0x00000000f0100000,0x00000000f4280000)
 ParOldGen       total 179712K, used 134386K [0x00000000a0000000, 0x00000000aaf80000, 0x00000000e0000000)
  object space 179712K, 74% used [0x00000000a0000000,0x00000000a833cba0,0x00000000aaf80000)
 Metaspace       used 81023K, capacity 86488K, committed 86676K, reserved 1124352K
  class space    used 10343K, capacity 11570K, committed 11668K, reserved 1048576K
Event: 3032.115 GC heap after
Heap after GC invocations=35 (full 4):
 PSYoungGen      total 330240K, used 65924K [0x00000000e0000000, 0x00000000fc080000, 0x0000000100000000)
  eden space 263168K, 0% used [0x00000000e0000000,0x00000000e0000000,0x00000000f0100000)
  from space 67072K, 98% used [0x00000000f0100000,0x00000000f41612d0,0x00000000f4280000)
  to   space 77824K, 0% used [0x00000000f7480000,0x00000000f7480000,0x00000000fc080000)
 ParOldGen       total 179712K, used 151351K [0x00000000a0000000, 0x00000000aaf80000, 0x00000000e0000000)
  object space 179712K, 84% used [0x00000000a0000000,0x00000000a93cdc78,0x00000000aaf80000)
 Metaspace       used 81023K, capacity 86488K, committed 86676K, reserved 1124352K
  class space    used 10343K, capacity 11570K, committed 11668K, reserved 1048576K
}
Event: 3033.111 GC heap before
{Heap before GC invocations=36 (full 4):
 PSYoungGen      total 330240K, used 328883K [0x00000000e0000000, 0x00000000fc080000, 0x0000000100000000)
  eden space 263168K, 99% used [0x00000000e0000000,0x00000000f00cbb58,0x00000000f0100000)
  from space 67072K, 98% used [0x00000000f0100000,0x00000000f41612d0,0x00000000f4280000)
  to   space 77824K, 0% used [0x00000000f7480000,0x00000000f7480000,0x00000000fc080000)
 ParOldGen       total 179712K, used 151351K [0x00000000a0000000, 0x00000000aaf80000, 0x00000000e0000000)
  object space 179712K, 84% used [0x00000000a0000000,0x00000000a93cdc78,0x00000000aaf80000)
 Metaspace       used 81056K, capacity 86560K, committed 86676K, reserved 1124352K
  class space    used 10343K, capacity 11570K, committed 11668K, reserved 1048576K
Event: 3033.220 GC heap after
Heap after GC invocations=36 (full 4):
 PSYoungGen      total 374272K, used 61021K [0x00000000e0000000, 0x00000000fde80000, 0x0000000100000000)
  eden space 296448K, 0% used [0x00000000e0000000,0x00000000e0000000,0x00000000f2180000)
  from space 77824K, 78% used [0x00000000f7480000,0x00000000fb017708,0x00000000fc080000)
  to   space 84992K, 0% used [0x00000000f2180000,0x00000000f2180000,0x00000000f7480000)
 ParOldGen       total 179712K, used 153155K [0x00000000a0000000, 0x00000000aaf80000, 0x00000000e0000000)
  object space 179712K, 85% used [0x00000000a0000000,0x00000000a9590df8,0x00000000aaf80000)
 Metaspace       used 81056K, capacity 86560K, committed 86676K, reserved 1124352K
  class space    used 10343K, capacity 11570K, committed 11668K, reserved 1048576K
}
Event: 3033.220 GC heap before
{Heap before GC invocations=37 (full 5):
 PSYoungGen      total 374272K, used 61021K [0x00000000e0000000, 0x00000000fde80000, 0x0000000100000000)
  eden space 296448K, 0% used [0x00000000e0000000,0x00000000e0000000,0x00000000f2180000)
  from space 77824K, 78% used [0x00000000f7480000,0x00000000fb017708,0x00000000fc080000)
  to   space 84992K, 0% used [0x00000000f2180000,0x00000000f2180000,0x00000000f7480000)
 ParOldGen       total 179712K, used 153155K [0x00000000a0000000, 0x00000000aaf80000, 0x00000000e0000000)
  object space 179712K, 85% used [0x00000000a0000000,0x00000000a9590df8,0x00000000aaf80000)
 Metaspace       used 81056K, capacity 86560K, committed 86676K, reserved 1124352K
  class space    used 10343K, capacity 11570K, committed 11668K, reserved 1048576K

